0 info it worked if it ends with ok
1 verbose cli [ 'node', '/usr/local/bin/npm', 'install', 'socket.io', '-' ]
2 info using npm@1.4.28
3 info using node@v0.10.32
4 warn package.json twitter-js@1.0.0 No README data
5 verbose readDependencies using package.json deps
6 verbose cache add [ 'socket.io', null ]
7 verbose cache add name=undefined spec="socket.io" args=["socket.io",null]
8 verbose parsed url { protocol: null,
8 verbose parsed url   slashes: null,
8 verbose parsed url   auth: null,
8 verbose parsed url   host: null,
8 verbose parsed url   port: null,
8 verbose parsed url   hostname: null,
8 verbose parsed url   hash: null,
8 verbose parsed url   search: null,
8 verbose parsed url   query: null,
8 verbose parsed url   pathname: 'socket.io',
8 verbose parsed url   path: 'socket.io',
8 verbose parsed url   href: 'socket.io' }
9 verbose cache add [ '-', null ]
10 verbose cache add name=undefined spec="-" args=["-",null]
11 verbose parsed url { protocol: null,
11 verbose parsed url   slashes: null,
11 verbose parsed url   auth: null,
11 verbose parsed url   host: null,
11 verbose parsed url   port: null,
11 verbose parsed url   hostname: null,
11 verbose parsed url   hash: null,
11 verbose parsed url   search: null,
11 verbose parsed url   query: null,
11 verbose parsed url   pathname: '-',
11 verbose parsed url   path: '-',
11 verbose parsed url   href: '-' }
12 silly lockFile 71475bfd-socket-io socket.io
13 verbose lock socket.io /Users/Lynda 1/.npm/71475bfd-socket-io.lock
14 silly lockFile 3bc15c8a- -
15 verbose lock - /Users/Lynda 1/.npm/3bc15c8a-.lock
16 silly lockFile 71475bfd-socket-io socket.io
17 silly lockFile 71475bfd-socket-io socket.io
18 silly lockFile 3bc15c8a- -
19 silly lockFile 3bc15c8a- -
20 verbose addNamed [ 'socket.io', '' ]
21 verbose addNamed [ null, '*' ]
22 silly lockFile c03de861-socket-io socket.io@
23 verbose lock socket.io@ /Users/Lynda 1/.npm/c03de861-socket-io.lock
24 verbose addNamed [ '-', '' ]
25 verbose addNamed [ null, '*' ]
26 silly lockFile c75fe0d4- -@
27 verbose lock -@ /Users/Lynda 1/.npm/c75fe0d4-.lock
28 silly addNameRange { name: 'socket.io', range: '*', hasData: false }
29 silly addNameRange { name: '-', range: '*', hasData: false }
30 verbose request where is /-
31 verbose request registry https://registry.npmjs.org/
32 verbose request id e41fff0b9d442425
33 verbose url raw /-
34 verbose url resolving [ 'https://registry.npmjs.org/', './-' ]
35 verbose url resolved https://registry.npmjs.org/-
36 verbose request where is https://registry.npmjs.org/-
37 info trying registry request attempt 1 at 10:56:42
38 http GET https://registry.npmjs.org/-
39 verbose request where is /socket.io
40 verbose request registry https://registry.npmjs.org/
41 verbose url raw /socket.io
42 verbose url resolving [ 'https://registry.npmjs.org/', './socket.io' ]
43 verbose url resolved https://registry.npmjs.org/socket.io
44 verbose request where is https://registry.npmjs.org/socket.io
45 info trying registry request attempt 1 at 10:56:42
46 verbose etag "AQDQYKF0SSOE9QP3G9SDERKO3"
47 http GET https://registry.npmjs.org/socket.io
48 http 304 https://registry.npmjs.org/socket.io
49 silly registry.get cb [ 304,
49 silly registry.get   { date: 'Mon, 26 Jan 2015 15:56:41 GMT',
49 silly registry.get     server: 'Apache',
49 silly registry.get     via: '1.1 varnish',
49 silly registry.get     'last-modified': 'Mon, 26 Jan 2015 15:56:41 GMT',
49 silly registry.get     'cache-control': 'max-age=60',
49 silly registry.get     etag: '"AQDQYKF0SSOE9QP3G9SDERKO3"',
49 silly registry.get     age: '6',
49 silly registry.get     'x-served-by': 'cache-iad2141-IAD',
49 silly registry.get     'x-cache': 'HIT',
49 silly registry.get     'x-cache-hits': '1',
49 silly registry.get     'x-timer': 'S1422287801.633602,VS0,VE0',
49 silly registry.get     vary: 'Accept',
49 silly registry.get     'content-length': '0',
49 silly registry.get     'keep-alive': 'timeout=10, max=50',
49 silly registry.get     connection: 'Keep-Alive' } ]
50 verbose etag https://registry.npmjs.org/socket.io from cache
51 silly addNameRange number 2 { name: 'socket.io', range: '*', hasData: true }
52 silly addNameRange versions [ 'socket.io',
52 silly addNameRange   [ '0.3.8',
52 silly addNameRange     '0.4.0',
52 silly addNameRange     '0.4.1',
52 silly addNameRange     '0.5.1',
52 silly addNameRange     '0.5.3',
52 silly addNameRange     '0.6.0',
52 silly addNameRange     '0.6.1',
52 silly addNameRange     '0.6.3',
52 silly addNameRange     '0.6.4',
52 silly addNameRange     '0.6.5',
52 silly addNameRange     '0.6.6',
52 silly addNameRange     '0.6.7',
52 silly addNameRange     '0.6.8',
52 silly addNameRange     '0.6.9',
52 silly addNameRange     '0.6.10',
52 silly addNameRange     '0.6.11',
52 silly addNameRange     '0.6.12',
52 silly addNameRange     '0.6.14',
52 silly addNameRange     '0.6.15',
52 silly addNameRange     '0.6.16',
52 silly addNameRange     '0.6.17',
52 silly addNameRange     '0.6.18',
52 silly addNameRange     '0.7.0',
52 silly addNameRange     '0.7.1',
52 silly addNameRange     '0.7.2',
52 silly addNameRange     '0.7.3',
52 silly addNameRange     '0.7.4',
52 silly addNameRange     '0.7.5',
52 silly addNameRange     '0.7.6',
52 silly addNameRange     '0.7.7',
52 silly addNameRange     '0.7.8',
52 silly addNameRange     '0.7.9',
52 silly addNameRange     '0.7.10',
52 silly addNameRange     '0.7.11',
52 silly addNameRange     '0.8.0',
52 silly addNameRange     '0.8.1',
52 silly addNameRange     '0.8.2',
52 silly addNameRange     '0.8.3',
52 silly addNameRange     '0.8.4',
52 silly addNameRange     '0.8.5',
52 silly addNameRange     '0.8.6',
52 silly addNameRange     '0.8.7',
52 silly addNameRange     '0.9.0',
52 silly addNameRange     '0.9.1',
52 silly addNameRange     '0.9.1-1',
52 silly addNameRange     '0.9.2',
52 silly addNameRange     '0.9.3',
52 silly addNameRange     '0.9.4',
52 silly addNameRange     '0.9.5',
52 silly addNameRange     '0.9.6',
52 silly addNameRange     '0.9.7',
52 silly addNameRange     '0.9.8',
52 silly addNameRange     '0.9.9',
52 silly addNameRange     '0.9.10',
52 silly addNameRange     '0.9.11',
52 silly addNameRange     '0.9.12',
52 silly addNameRange     '0.9.13',
52 silly addNameRange     '0.9.14',
52 silly addNameRange     '0.9.15',
52 silly addNameRange     '0.9.16',
52 silly addNameRange     '1.0.0-pre',
52 silly addNameRange     '1.0.0-pre2',
52 silly addNameRange     '1.0.0-pre3',
52 silly addNameRange     '1.0.0-pre4',
52 silly addNameRange     '1.0.0-pre5',
52 silly addNameRange     '0.9.17',
52 silly addNameRange     '1.0.0',
52 silly addNameRange     '1.0.1',
52 silly addNameRange     '1.0.2',
52 silly addNameRange     '1.0.3',
52 silly addNameRange     '1.0.4',
52 silly addNameRange     '1.0.5',
52 silly addNameRange     '1.0.6',
52 silly addNameRange     '1.1.0',
52 silly addNameRange     '1.2.0',
52 silly addNameRange     '1.2.1',
52 silly addNameRange     '1.3.0',
52 silly addNameRange     '1.3.1',
52 silly addNameRange     '1.3.2' ] ]
53 verbose addNamed [ 'socket.io', '1.3.2' ]
54 verbose addNamed [ '1.3.2', '1.3.2' ]
55 silly lockFile b15c0080-socket-io-1-3-2 socket.io@1.3.2
56 verbose lock socket.io@1.3.2 /Users/Lynda 1/.npm/b15c0080-socket-io-1-3-2.lock
57 silly lockFile b15c0080-socket-io-1-3-2 socket.io@1.3.2
58 silly lockFile b15c0080-socket-io-1-3-2 socket.io@1.3.2
59 silly lockFile c03de861-socket-io socket.io@
60 silly lockFile c03de861-socket-io socket.io@
61 http 404 https://registry.npmjs.org/-
62 verbose headers { date: 'Mon, 26 Jan 2015 15:56:41 GMT',
62 verbose headers   server: 'CouchDB/1.5.0 (Erlang OTP/R16B03)',
62 verbose headers   'content-type': 'application/json',
62 verbose headers   'cache-control': 'max-age=0',
62 verbose headers   'content-length': '52',
62 verbose headers   'accept-ranges': 'bytes',
62 verbose headers   via: '1.1 varnish',
62 verbose headers   age: '0',
62 verbose headers   'x-served-by': 'cache-iad2131-IAD',
62 verbose headers   'x-cache': 'MISS',
62 verbose headers   'x-cache-hits': '0',
62 verbose headers   'x-timer': 'S1422287801.641013,VS0,VE11',
62 verbose headers   'keep-alive': 'timeout=10, max=50',
62 verbose headers   connection: 'Keep-Alive' }
63 silly registry.get cb [ 404,
63 silly registry.get   { date: 'Mon, 26 Jan 2015 15:56:41 GMT',
63 silly registry.get     server: 'CouchDB/1.5.0 (Erlang OTP/R16B03)',
63 silly registry.get     'content-type': 'application/json',
63 silly registry.get     'cache-control': 'max-age=0',
63 silly registry.get     'content-length': '52',
63 silly registry.get     'accept-ranges': 'bytes',
63 silly registry.get     via: '1.1 varnish',
63 silly registry.get     age: '0',
63 silly registry.get     'x-served-by': 'cache-iad2131-IAD',
63 silly registry.get     'x-cache': 'MISS',
63 silly registry.get     'x-cache-hits': '0',
63 silly registry.get     'x-timer': 'S1422287801.641013,VS0,VE11',
63 silly registry.get     'keep-alive': 'timeout=10, max=50',
63 silly registry.get     connection: 'Keep-Alive' } ]
64 silly lockFile c75fe0d4- -@
65 silly lockFile c75fe0d4- -@
66 error Error: not_found document not found: -
66 error     at RegClient.<anonymous> (/usr/local/lib/node_modules/npm/node_modules/npm-registry-client/lib/request.js:308:14)
66 error     at Request._callback (/usr/local/lib/node_modules/npm/node_modules/npm-registry-client/lib/request.js:246:65)
66 error     at Request.self.callback (/usr/local/lib/node_modules/npm/node_modules/request/request.js:236:22)
66 error     at Request.emit (events.js:98:17)
66 error     at Request.<anonymous> (/usr/local/lib/node_modules/npm/node_modules/request/request.js:1142:14)
66 error     at Request.emit (events.js:117:20)
66 error     at IncomingMessage.<anonymous> (/usr/local/lib/node_modules/npm/node_modules/request/request.js:1096:12)
66 error     at IncomingMessage.emit (events.js:117:20)
66 error     at _stream_readable.js:943:16
66 error     at process._tickCallback (node.js:419:13)
67 error If you need help, you may report this *entire* log,
67 error including the npm and node versions, at:
67 error     <http://github.com/npm/npm/issues>
68 error System Darwin 14.0.0
69 error command "node" "/usr/local/bin/npm" "install" "socket.io" "-"
70 error cwd /Users/Lynda 1/Fullstack/twitter-js
71 error node -v v0.10.32
72 error npm -v 1.4.28
73 verbose exit [ 1, true ]
